{"name": "Проверка увеличения счетчика \"Выполнено за все время\" при создании нового заказа", "status": "broken", "statusDetails": {"message": "selenium.common.exceptions.TimeoutException: Message:", "trace": "self = <tests.test_order_feed_page.TestCreateOrder object at 0x000001ACC67645A0>, pages = <pages.UIWorkerWeb object at 0x000001ACC681A0A0>, login_user = <pages.UIWorkerWeb object at 0x000001ACC681A0A0>\nname_counter = 'Выполнено за все время', counter = ('xpath', '//p[text()=\"Выполнено за все время:\"]/following-sibling::p')\n\n    @pytest.mark.parametrize('name_counter, counter',\n                             [['Выполнено за все время', OrderFeedPageLocators.TOTAL_ORDER_COUNT],\n                              ['Выполнено за сегодня', OrderFeedPageLocators.DAILY_ORDER_COUNT]])\n    def test_orders_counter(self, pages, login_user, name_counter, counter):\n        allure.dynamic.title(f'Проверка увеличения счетчика \"{name_counter}\" при создании нового заказа')\n        pages.click_order_feed_button()\n        prev_counter_value = pages.get_total_order_count(counter)\n        pages.click_constructor_button()\n>       pages.create_order()\n\ntests\\test_order_feed_page.py:38: \n_ _ _ _ _ _ _ _ _ _ _ _ _ _ _ _ _ _ _ _ _ _ _ _ _ _ _ _ _ _ _ _ _ _ _ _ _ _ _ _ _ _ _ _ _ _ _ _ _ _ _ _ _ _ _ _ _ _ _ _ _ _ _ _ _ _ _ _ _ _ _ _ _ _ _ _ _ _ _ _ _ _ _ _ _ _ _ _ _ _ _ _ _ _ _ _ _ _ _ _ _ _ _ _ _ _ _ _ _ _ _ _ _ _\npages\\main_page.py:79: in create_order\n    order_id = self.get_order_id()\n               ^^^^^^^^^^^^^^^^^^^\npages\\main_page.py:65: in get_order_id\n    self.wait.until(\n_ _ _ _ _ _ _ _ _ _ _ _ _ _ _ _ _ _ _ _ _ _ _ _ _ _ _ _ _ _ _ _ _ _ _ _ _ _ _ _ _ _ _ _ _ _ _ _ _ _ _ _ _ _ _ _ _ _ _ _ _ _ _ _ _ _ _ _ _ _ _ _ _ _ _ _ _ _ _ _ _ _ _ _ _ _ _ _ _ _ _ _ _ _ _ _ _ _ _ _ _ _ _ _ _ _ _ _ _ _ _ _ _ _\n\nself = <selenium.webdriver.support.wait.WebDriverWait (session=\"a017c1b7-53a4-4780-8e5e-83fd459fa46f\")>, method = <function MainPage.get_order_id.<locals>.<lambda> at 0x000001ACC6C58400>, message = ''\n\n    def until(self, method: Callable[[D], Union[Literal[False], T]], message: str = \"\") -> T:\n        \"\"\"Wait until the method returns a value that is not False.\n    \n        Calls the method provided with the driver as an argument until the\n        return value does not evaluate to ``False``.\n    \n        Parameters:\n        -----------\n        method: callable(WebDriver)\n            - A callable object that takes a WebDriver instance as an argument.\n    \n        message: str\n            - Optional message for :exc:`TimeoutException`\n    \n        Return:\n        -------\n        object: T\n            - The result of the last call to `method`\n    \n        Raises:\n        -------\n        TimeoutException\n            - If 'method' does not return a truthy value within the WebDriverWait\n            object's timeout\n    \n        Example:\n        --------\n        >>> from selenium.webdriver.common.by import By\n        >>> from selenium.webdriver.support.ui import WebDriverWait\n        >>> from selenium.webdriver.support import expected_conditions as EC\n    \n        # Wait until an element is visible on the page\n        >>> wait = WebDriverWait(driver, 10)\n        >>> element = wait.until(EC.visibility_of_element_located((By.ID, \"exampleId\")))\n        >>> print(element.text)\n        \"\"\"\n        screen = None\n        stacktrace = None\n    \n        end_time = time.monotonic() + self._timeout\n        while True:\n            try:\n                value = method(self._driver)\n                if value:\n                    return value\n            except self._ignored_exceptions as exc:\n                screen = getattr(exc, \"screen\", None)\n                stacktrace = getattr(exc, \"stacktrace\", None)\n            if time.monotonic() > end_time:\n                break\n            time.sleep(self._poll)\n>       raise TimeoutException(message, screen, stacktrace)\nE       selenium.common.exceptions.TimeoutException: Message:\n\n.venv\\Lib\\site-packages\\selenium\\webdriver\\support\\wait.py:138: TimeoutException"}, "steps": [{"name": "Кликнуть на кнопку \"Лента заказов\"", "status": "passed", "start": 1759682235121, "stop": 1759682235194}, {"name": "Получить количество заказов", "status": "passed", "parameters": [{"name": "locator", "value": "('xpath', '//p[text()=\"Выполнено за все время:\"]/following-sibling::p')"}], "start": 1759682235194, "stop": 1759682236213}, {"name": "Кликнуть на кнопку \"Конструктор\"", "status": "passed", "start": 1759682236214, "stop": 1759682236302}, {"name": "Создать заказ", "status": "broken", "statusDetails": {"message": "selenium.common.exceptions.TimeoutException: Message: \n\n", "trace": "  File \"C:\\Users\\Zdravcity-User\\ya-practicum\\Diplom\\Diplom_3\\.venv\\Lib\\site-packages\\allure_commons\\_allure.py\", line 202, in impl\n    return func(*a, **kw)\n  File \"C:\\Users\\Zdravcity-User\\ya-practicum\\Diplom\\Diplom_3\\pages\\main_page.py\", line 79, in create_order\n    order_id = self.get_order_id()\n  File \"C:\\Users\\Zdravcity-User\\ya-practicum\\Diplom\\Diplom_3\\.venv\\Lib\\site-packages\\allure_commons\\_allure.py\", line 202, in impl\n    return func(*a, **kw)\n  File \"C:\\Users\\Zdravcity-User\\ya-practicum\\Diplom\\Diplom_3\\pages\\main_page.py\", line 65, in get_order_id\n    self.wait.until(\n    ~~~~~~~~~~~~~~~^\n        lambda _: self.get_element_text(MainPageLocators.ORDER_ID) != '9999'\n        ^^^^^^^^^^^^^^^^^^^^^^^^^^^^^^^^^^^^^^^^^^^^^^^^^^^^^^^^^^^^^^^^^^^^\n    )\n    ^\n  File \"C:\\Users\\Zdravcity-User\\ya-practicum\\Diplom\\Diplom_3\\.venv\\Lib\\site-packages\\selenium\\webdriver\\support\\wait.py\", line 138, in until\n    raise TimeoutException(message, screen, stacktrace)\n"}, "steps": [{"name": "Добавить ингредиент в заказ", "status": "passed", "start": 1759682236302, "stop": 1759682236854}, {"name": "Кликнуть на кнопку \"Оформить заказ\"", "status": "passed", "start": 1759682236854, "stop": 1759682236919}, {"name": "Получить номер заказа", "status": "broken", "statusDetails": {"message": "selenium.common.exceptions.TimeoutException: Message: \n\n", "trace": "  File \"C:\\Users\\Zdravcity-User\\ya-practicum\\Diplom\\Diplom_3\\.venv\\Lib\\site-packages\\allure_commons\\_allure.py\", line 202, in impl\n    return func(*a, **kw)\n  File \"C:\\Users\\Zdravcity-User\\ya-practicum\\Diplom\\Diplom_3\\pages\\main_page.py\", line 65, in get_order_id\n    self.wait.until(\n    ~~~~~~~~~~~~~~~^\n        lambda _: self.get_element_text(MainPageLocators.ORDER_ID) != '9999'\n        ^^^^^^^^^^^^^^^^^^^^^^^^^^^^^^^^^^^^^^^^^^^^^^^^^^^^^^^^^^^^^^^^^^^^\n    )\n    ^\n  File \"C:\\Users\\Zdravcity-User\\ya-practicum\\Diplom\\Diplom_3\\.venv\\Lib\\site-packages\\selenium\\webdriver\\support\\wait.py\", line 138, in until\n    raise TimeoutException(message, screen, stacktrace)\n"}, "start": 1759682236919, "stop": 1759682247232}], "start": 1759682236302, "stop": 1759682247232}], "parameters": [{"name": "driver", "value": "'firefox'"}, {"name": "name_counter", "value": "'Выполнено за все время'"}, {"name": "counter", "value": "('xpath', '//p[text()=\"Выполнено за все время:\"]/following-sibling::p')"}], "start": 1759682235121, "stop": 1759682247233, "uuid": "99a20d17-aee3-4571-a8c2-32eb767e108f", "historyId": "134127ad44e3eaefab5093ed374a7e33", "testCaseId": "53ca25f16112b04c2bced3d57ad97309", "fullName": "tests.test_order_feed_page.TestCreateOrder#test_orders_counter", "labels": [{"name": "parentSuite", "value": "tests"}, {"name": "suite", "value": "test_order_feed_page"}, {"name": "subSuite", "value": "TestCreateOrder"}, {"name": "host", "value": "DESKTOP-1UM8KQP"}, {"name": "thread", "value": "6812-MainThread"}, {"name": "framework", "value": "pytest"}, {"name": "language", "value": "cpython3"}, {"name": "package", "value": "tests.test_order_feed_page"}], "titlePath": ["tests", "test_order_feed_page.py", "TestCreateOrder"]}