{"name": "Проверка перехода в ЛК в раздел История заказов по кнопке \"История заказов\"", "status": "broken", "statusDetails": {"message": "selenium.common.exceptions.ElementClickInterceptedException: Message: Element <a class=\"Account_link__2ETsJ text text_type_main-medium text_color_inactive\" href=\"/account/order-history\"> is not clickable at point (128,307) because another element <div class=\"Modal_modal_overlay__x2ZCr\"> obscures it; For documentation on this error, please visit: https://www.selenium.dev/documentation/webdriver/troubleshooting/errors#elementclickinterceptedexception\nStacktrace:\nRemoteError@chrome://remote/content/shared/RemoteError.sys.mjs:8:8\nWebDriverError@chrome://remote/content/shared/webdriver/Errors.sys.mjs:202:5\nElementClickInterceptedError@chrome://remote/content/shared/webdriver/Errors.sys.mjs:354:5\nwebdriverClickElement@chrome://remote/content/marionette/interaction.sys.mjs:175:11\ninteraction.clickElement@chrome://remote/content/marionette/interaction.sys.mjs:134:11\nclickElement@chrome://remote/content/marionette/actors/MarionetteCommandsChild.sys.mjs:327:29\nreceiveMessage@chrome://remote/content/marionette/actors/MarionetteCommandsChild.sys.mjs:210:31", "trace": "self = <tests.test_profile_page.TestProfile object at 0x000001ACC6760510>, pages = <pages.UIWorkerWeb object at 0x000001ACC6C609F0>, login_user = <pages.UIWorkerWeb object at 0x000001ACC6C609F0>\n\n    @allure.title('Проверка перехода в ЛК в раздел История заказов по кнопке \"История заказов\"')\n    def test_go_to_order_history(self, pages, login_user):\n        pages.click_profile_button()\n>       pages.click_orders_history_button()\n\ntests\\test_profile_page.py:20: \n_ _ _ _ _ _ _ _ _ _ _ _ _ _ _ _ _ _ _ _ _ _ _ _ _ _ _ _ _ _ _ _ _ _ _ _ _ _ _ _ _ _ _ _ _ _ _ _ _ _ _ _ _ _ _ _ _ _ _ _ _ _ _ _ _ _ _ _ _ _ _ _ _ _ _ _ _ _ _ _ _ _ _ _ _ _ _ _ _ _ _ _ _ _ _ _ _ _ _ _ _ _ _ _ _ _ _ _ _ _ _ _ _ _\npages\\profile_page.py:12: in click_orders_history_button\n    self.click_on_element(ProfilePageLocators.ORDER_HISTORY_BUTTON)\npages\\base_page.py:26: in click_on_element\n    self.driver.find_element(*locator).click()\n.venv\\Lib\\site-packages\\selenium\\webdriver\\remote\\webelement.py:119: in click\n    self._execute(Command.CLICK_ELEMENT)\n.venv\\Lib\\site-packages\\selenium\\webdriver\\remote\\webelement.py:572: in _execute\n    return self._parent.execute(command, params)\n           ^^^^^^^^^^^^^^^^^^^^^^^^^^^^^^^^^^^^^\n.venv\\Lib\\site-packages\\selenium\\webdriver\\remote\\webdriver.py:458: in execute\n    self.error_handler.check_response(response)\n_ _ _ _ _ _ _ _ _ _ _ _ _ _ _ _ _ _ _ _ _ _ _ _ _ _ _ _ _ _ _ _ _ _ _ _ _ _ _ _ _ _ _ _ _ _ _ _ _ _ _ _ _ _ _ _ _ _ _ _ _ _ _ _ _ _ _ _ _ _ _ _ _ _ _ _ _ _ _ _ _ _ _ _ _ _ _ _ _ _ _ _ _ _ _ _ _ _ _ _ _ _ _ _ _ _ _ _ _ _ _ _ _ _\n\nself = <selenium.webdriver.remote.errorhandler.ErrorHandler object at 0x000001ACC6781B70>\nresponse = {'status': 400, 'value': '{\"value\":{\"error\":\"element click intercepted\",\"message\":\"Element <a class=\\\\\"Account_link__2...inactive\\\\\" href=\\\\\"/account/order-history\\\\\">\",\"overlayingElement\":\"<div class=\\\\\"Modal_modal_overlay__x2ZCr\\\\\">\"}}}'}\n\n    def check_response(self, response: dict[str, Any]) -> None:\n        \"\"\"Checks that a JSON response from the WebDriver does not have an\n        error.\n    \n        :Args:\n         - response - The JSON response from the WebDriver server as a dictionary\n           object.\n    \n        :Raises: If the response contains an error message.\n        \"\"\"\n        status = response.get(\"status\", None)\n        if not status or status == ErrorCode.SUCCESS:\n            return\n        value = None\n        message = response.get(\"message\", \"\")\n        screen: str = response.get(\"screen\", \"\")\n        stacktrace = None\n        if isinstance(status, int):\n            value_json = response.get(\"value\", None)\n            if value_json and isinstance(value_json, str):\n                try:\n                    value = json.loads(value_json)\n                    if isinstance(value, dict):\n                        if len(value) == 1:\n                            value = value[\"value\"]\n                        status = value.get(\"error\", None)\n                        if not status:\n                            status = value.get(\"status\", ErrorCode.UNKNOWN_ERROR)\n                            message = value.get(\"value\") or value.get(\"message\")\n                            if not isinstance(message, str):\n                                value = message\n                                message = message.get(\"message\") if isinstance(message, dict) else None\n                        else:\n                            message = value.get(\"message\", None)\n                except ValueError:\n                    pass\n    \n        exception_class: type[WebDriverException]\n        e = ErrorCode()\n        error_codes = [item for item in dir(e) if not item.startswith(\"__\")]\n        for error_code in error_codes:\n            error_info = getattr(ErrorCode, error_code)\n            if isinstance(error_info, list) and status in error_info:\n                exception_class = getattr(ExceptionMapping, error_code, WebDriverException)\n                break\n        else:\n            exception_class = WebDriverException\n    \n        if not value:\n            value = response[\"value\"]\n        if isinstance(value, str):\n            raise exception_class(value)\n        if message == \"\" and \"message\" in value:\n            message = value[\"message\"]\n    \n        screen = None  # type: ignore[assignment]\n        if \"screen\" in value:\n            screen = value[\"screen\"]\n    \n        stacktrace = None\n        st_value = value.get(\"stackTrace\") or value.get(\"stacktrace\")\n        if st_value:\n            if isinstance(st_value, str):\n                stacktrace = st_value.split(\"\\n\")\n            else:\n                stacktrace = []\n                try:\n                    for frame in st_value:\n                        line = frame.get(\"lineNumber\", \"\")\n                        file = frame.get(\"fileName\", \"<anonymous>\")\n                        if line:\n                            file = f\"{file}:{line}\"\n                        meth = frame.get(\"methodName\", \"<anonymous>\")\n                        if \"className\" in frame:\n                            meth = f\"{frame['className']}.{meth}\"\n                        msg = \"    at %s (%s)\"\n                        msg = msg % (meth, file)\n                        stacktrace.append(msg)\n                except TypeError:\n                    pass\n        if exception_class == UnexpectedAlertPresentException:\n            alert_text = None\n            if \"data\" in value:\n                alert_text = value[\"data\"].get(\"text\")\n            elif \"alert\" in value:\n                alert_text = value[\"alert\"].get(\"text\")\n            raise exception_class(message, screen, stacktrace, alert_text)  # type: ignore[call-arg]  # mypy is not smart enough here\n>       raise exception_class(message, screen, stacktrace)\nE       selenium.common.exceptions.ElementClickInterceptedException: Message: Element <a class=\"Account_link__2ETsJ text text_type_main-medium text_color_inactive\" href=\"/account/order-history\"> is not clickable at point (128,307) because another element <div class=\"Modal_modal_overlay__x2ZCr\"> obscures it; For documentation on this error, please visit: https://www.selenium.dev/documentation/webdriver/troubleshooting/errors#elementclickinterceptedexception\nE       Stacktrace:\nE       RemoteError@chrome://remote/content/shared/RemoteError.sys.mjs:8:8\nE       WebDriverError@chrome://remote/content/shared/webdriver/Errors.sys.mjs:202:5\nE       ElementClickInterceptedError@chrome://remote/content/shared/webdriver/Errors.sys.mjs:354:5\nE       webdriverClickElement@chrome://remote/content/marionette/interaction.sys.mjs:175:11\nE       interaction.clickElement@chrome://remote/content/marionette/interaction.sys.mjs:134:11\nE       clickElement@chrome://remote/content/marionette/actors/MarionetteCommandsChild.sys.mjs:327:29\nE       receiveMessage@chrome://remote/content/marionette/actors/MarionetteCommandsChild.sys.mjs:210:31\n\n.venv\\Lib\\site-packages\\selenium\\webdriver\\remote\\errorhandler.py:232: ElementClickInterceptedException"}, "steps": [{"name": "Кликнуть на кнопку \"Личный кабинет\"", "status": "passed", "start": 1759682340660, "stop": 1759682340736}, {"name": "Кликнуть на кнопку \"История заказов\"", "status": "broken", "statusDetails": {"message": "selenium.common.exceptions.ElementClickInterceptedException: Message: Element <a class=\"Account_link__2ETsJ text text_type_main-medium text_color_inactive\" href=\"/account/order-history\"> is not clickable at point (128,307) because another element <div class=\"Modal_modal_overlay__x2ZCr\"> obscures it; For documentation on this error, please visit: https://www.selenium.dev/documentation/webdriver/troubleshooting/errors#elementclickinterceptedexception\nStacktrace:\nRemoteError@chrome://remote/content/shared/RemoteError.sys.mjs:8:8\nWebDriverError@chrome://remote/content/shared/webdriver/Errors.sys.mjs:202:5\nElementClickInterceptedError@chrome://remote/content/shared/webdriver/Errors.sys.mjs:354:5\nwebdriverClickElement@chrome://remote/content/marionette/interaction.sys.mjs:175:11\ninteraction.clickElement@chrome://remote/content/marionette/interaction.sys.mjs:134:11\nclickElement@chrome://remote/content/marionette/actors/MarionetteCommandsChild.sys.mjs:327:29\nreceiveMessage@chrome://remote/content/marionette/actors/MarionetteCommandsChild.sys.mjs:210:31\n\n", "trace": "  File \"C:\\Users\\Zdravcity-User\\ya-practicum\\Diplom\\Diplom_3\\.venv\\Lib\\site-packages\\allure_commons\\_allure.py\", line 202, in impl\n    return func(*a, **kw)\n  File \"C:\\Users\\Zdravcity-User\\ya-practicum\\Diplom\\Diplom_3\\pages\\profile_page.py\", line 12, in click_orders_history_button\n    self.click_on_element(ProfilePageLocators.ORDER_HISTORY_BUTTON)\n    ~~~~~~~~~~~~~~~~~~~~~^^^^^^^^^^^^^^^^^^^^^^^^^^^^^^^^^^^^^^^^^^\n  File \"C:\\Users\\Zdravcity-User\\ya-practicum\\Diplom\\Diplom_3\\pages\\base_page.py\", line 26, in click_on_element\n    self.driver.find_element(*locator).click()\n    ~~~~~~~~~~~~~~~~~~~~~~~~~~~~~~~~~~~~~~~~^^\n  File \"C:\\Users\\Zdravcity-User\\ya-practicum\\Diplom\\Diplom_3\\.venv\\Lib\\site-packages\\selenium\\webdriver\\remote\\webelement.py\", line 119, in click\n    self._execute(Command.CLICK_ELEMENT)\n    ~~~~~~~~~~~~~^^^^^^^^^^^^^^^^^^^^^^^\n  File \"C:\\Users\\Zdravcity-User\\ya-practicum\\Diplom\\Diplom_3\\.venv\\Lib\\site-packages\\selenium\\webdriver\\remote\\webelement.py\", line 572, in _execute\n    return self._parent.execute(command, params)\n           ~~~~~~~~~~~~~~~~~~~~^^^^^^^^^^^^^^^^^\n  File \"C:\\Users\\Zdravcity-User\\ya-practicum\\Diplom\\Diplom_3\\.venv\\Lib\\site-packages\\selenium\\webdriver\\remote\\webdriver.py\", line 458, in execute\n    self.error_handler.check_response(response)\n    ~~~~~~~~~~~~~~~~~~~~~~~~~~~~~~~~~^^^^^^^^^^\n  File \"C:\\Users\\Zdravcity-User\\ya-practicum\\Diplom\\Diplom_3\\.venv\\Lib\\site-packages\\selenium\\webdriver\\remote\\errorhandler.py\", line 232, in check_response\n    raise exception_class(message, screen, stacktrace)\n"}, "start": 1759682340736, "stop": 1759682340838}], "parameters": [{"name": "driver", "value": "'firefox'"}], "start": 1759682340660, "stop": 1759682340840, "uuid": "17a7c7c8-6557-4699-b222-655091d620b3", "historyId": "47e171fd2979a510e9dabaa675937228", "testCaseId": "43698786e17dc019d3f99c648aad582e", "fullName": "tests.test_profile_page.TestProfile#test_go_to_order_history", "labels": [{"name": "parentSuite", "value": "tests"}, {"name": "suite", "value": "test_profile_page"}, {"name": "subSuite", "value": "TestProfile"}, {"name": "host", "value": "DESKTOP-1UM8KQP"}, {"name": "thread", "value": "6812-MainThread"}, {"name": "framework", "value": "pytest"}, {"name": "language", "value": "cpython3"}, {"name": "package", "value": "tests.test_profile_page"}], "titlePath": ["tests", "test_profile_page.py", "TestProfile"]}